2024-01-17 16:50:13,520 QMAN started!
2024-01-17 16:50:13,520 CCDOBS file: ccdobs.lst
2024-01-17 16:50:13,563 Queue for 0_CURRENT_QUEUE loaded!
2024-01-17 16:50:13,564 Ready!
2024-01-17 16:50:20,195 Queue for 55UMa loaded!
2024-01-17 16:50:29,254 Row added!
2024-01-17 16:50:30,208 Row added!
2024-01-17 16:50:34,085 Queue time updated!
2024-01-17 16:50:35,905 Queue time updated!
2024-01-17 16:50:37,354 Queue time updated!
2024-01-17 16:50:38,448 Queue time updated!
2024-01-17 16:50:40,163 Queue time updated!
2024-01-17 16:50:42,147 Queue time updated!
2024-01-17 16:50:44,248 Queue time updated!
2024-01-17 16:50:46,041 Queue time updated!
2024-01-17 16:50:48,021 Queue time updated!
2024-01-17 16:50:49,750 Queue time updated!
2024-01-17 16:51:02,814 Row deleted!
2024-01-17 16:51:02,968 Row deleted!
2024-01-17 16:51:03,088 Row deleted!
2024-01-17 16:51:03,210 Row deleted!
2024-01-17 16:51:03,350 Row deleted!
2024-01-17 16:51:03,471 Row deleted!
2024-01-17 16:51:03,586 Row deleted!
2024-01-17 16:51:03,795 Row deleted!
2024-01-17 16:51:04,024 Row deleted!
2024-01-17 16:51:04,560 Row deleted!
2024-01-17 16:51:05,358 Row deleted!
2024-01-17 16:51:08,775 Row added!
2024-01-17 16:51:10,564 Row added!
2024-01-17 16:51:18,367 Row added!
2024-01-17 16:51:19,677 Row added!
2024-01-17 16:51:22,536 Row added!
2024-01-17 16:51:27,437 Row added!
2024-01-17 16:51:30,759 Row added!
2024-01-17 16:51:34,114 Row deleted!
2024-01-17 16:51:34,284 Row deleted!
2024-01-17 16:51:34,421 Row deleted!
2024-01-17 16:51:34,575 Row deleted!
2024-01-17 16:51:34,729 Row deleted!
2024-01-17 16:51:34,867 Row deleted!
2024-01-17 16:51:35,040 Row deleted!
2024-01-17 16:51:36,066 Queue time updated!
2024-01-17 16:51:36,788 Queue time updated!
2024-01-17 16:51:37,141 Queue time updated!
2024-01-17 16:51:37,336 Queue time updated!
2024-01-17 16:51:37,502 Queue time updated!
2024-01-17 16:51:37,678 Queue time updated!
2024-01-17 16:51:37,830 Queue time updated!
2024-01-17 16:51:38,007 Queue time updated!
2024-01-17 16:51:38,172 Queue time updated!
2024-01-17 16:51:38,352 Queue time updated!
2024-01-17 16:51:38,562 Queue time updated!
2024-01-17 16:51:38,743 Queue time updated!
2024-01-17 16:51:38,925 Queue time updated!
2024-01-17 16:51:39,097 Queue time updated!
2024-01-17 16:51:39,254 Queue time updated!
2024-01-17 16:51:39,413 Queue time updated!
2024-01-17 16:51:39,577 Queue time updated!
2024-01-17 16:51:39,740 Queue time updated!
2024-01-17 16:51:39,918 Queue time updated!
2024-01-17 16:51:40,523 Queue time updated!
2024-01-17 16:51:41,694 Queue time updated!
2024-01-17 16:51:43,632 Queue time updated!
2024-01-17 16:51:43,999 Queue time updated!
2024-01-17 16:51:44,540 Queue time updated!
2024-01-17 16:51:44,735 Queue time updated!
2024-01-17 16:51:44,909 Queue time updated!
2024-01-17 16:51:45,083 Queue time updated!
2024-01-17 16:51:45,225 Queue time updated!
2024-01-17 16:51:45,399 Queue time updated!
2024-01-17 16:51:45,579 Queue time updated!
2024-01-17 16:51:45,775 Queue time updated!
2024-01-17 16:51:45,970 Queue time updated!
2024-01-17 16:51:48,658 Queue time updated!
2024-01-17 16:51:49,897 Queue time updated!
2024-01-17 16:51:53,202 Queue time updated!
2024-01-17 16:51:58,702 Queue time updated!
2024-01-17 16:52:01,482 Queue time updated!
2024-01-17 16:52:03,709 Queue time updated!
2024-01-17 16:52:05,245 Queue time updated!
2024-01-17 16:52:07,715 Queue time updated!
2024-01-17 16:52:09,795 Queue time updated!
2024-01-17 16:52:12,801 Queue time updated!
2024-01-17 16:52:16,190 Queue time updated!
2024-01-17 16:52:19,809 Queue time updated!
2024-01-17 16:52:21,681 Row added!
2024-01-17 16:52:21,835 Row added!
2024-01-17 16:52:22,011 Row added!
2024-01-17 16:52:22,167 Row added!
2024-01-17 16:52:22,477 Row added!
2024-01-17 16:52:23,614 Row added!
2024-01-17 16:52:42,165 Queue for BH_Oph loaded!
2024-01-17 16:53:04,901 Queue for AD_Boo loaded!
2024-01-17 16:53:05,896 a55UMa_16 not found!
2024-01-17 16:53:05,900 Queue for a55UMa_16 loaded!
2024-01-17 16:53:31,462 Queue for AD_Boo loaded!
2024-01-17 16:54:43,507 Row deleted!
2024-01-17 16:54:44,271 Row deleted!
2024-01-17 16:54:45,103 Row deleted!
2024-01-17 16:55:32,940 Dark600 - tryb 2 not found!
2024-01-17 16:55:32,946 Queue for Dark600 - tryb 2 loaded!
2024-01-17 16:55:36,703 DARKI 30,15,10 not found!
2024-01-17 16:55:36,711 Queue for DARKI 30,15,10 loaded!
2024-01-17 16:55:42,738 Darki_FF_mo2 not found!
2024-01-17 16:55:42,747 Queue for Darki_FF_mo2 loaded!
2024-01-17 16:55:47,387 Row added!
2024-01-17 16:55:47,562 Row added!
2024-01-17 16:55:47,784 Row added!
2024-01-17 16:55:48,026 Row added!
2024-01-17 16:55:48,272 Row added!
2024-01-17 16:55:51,752 Row added!
2024-01-17 16:55:51,925 Row added!
2024-01-17 16:55:55,027 Darki_FF_mo not found!
2024-01-17 16:55:55,034 Queue for Darki_FF_mo loaded!
2024-01-17 16:55:58,249 Darki_FF_mo2 not found!
2024-01-17 16:55:58,253 Queue for Darki_FF_mo2 loaded!
2024-01-17 16:56:16,399 55UMa_16 not found!
2024-01-17 16:56:16,403 Queue for 55UMa_16 loaded!
2024-01-17 16:56:19,035 55UMa_good not found!
2024-01-17 16:56:19,039 Queue for 55UMa_good loaded!
2024-01-17 16:56:19,986 55UMa_16 not found!
2024-01-17 16:56:19,990 Queue for 55UMa_16 loaded!
2024-01-17 16:56:21,077 Queue for 55UMa loaded!
2024-01-17 16:56:22,138 55UMa_good not found!
2024-01-17 16:56:22,142 Queue for 55UMa_good loaded!
2024-01-17 16:56:23,055 55UMa_16 not found!
2024-01-17 16:56:23,059 Queue for 55UMa_16 loaded!
2024-01-17 16:56:23,552 Queue for 55UMa loaded!
2024-01-17 16:56:24,982 55UMa_good not found!
2024-01-17 16:56:24,986 Queue for 55UMa_good loaded!
